{
  "/Users/andrew/Vanderbilt/Semester-6/cs4278/jam-session-website/frontend/src/context/AuthContext.js": {
    "path": "/Users/andrew/Vanderbilt/Semester-6/cs4278/jam-session-website/frontend/src/context/AuthContext.js",
    "statementMap": {
      "0": {
        "start": {
          "line": 5,
          "column": 20
        },
        "end": {
          "line": 5,
          "column": 35
        }
      },
      "1": {
        "start": {
          "line": 8,
          "column": 35
        },
        "end": {
          "line": 44,
          "column": 1
        }
      },
      "2": {
        "start": {
          "line": 9,
          "column": 28
        },
        "end": {
          "line": 9,
          "column": 40
        }
      },
      "3": {
        "start": {
          "line": 11,
          "column": 25
        },
        "end": {
          "line": 18,
          "column": 5
        }
      },
      "4": {
        "start": {
          "line": 14,
          "column": 25
        },
        "end": {
          "line": 14,
          "column": 49
        }
      },
      "5": {
        "start": {
          "line": 17,
          "column": 8
        },
        "end": {
          "line": 17,
          "column": 40
        }
      },
      "6": {
        "start": {
          "line": 22,
          "column": 19
        },
        "end": {
          "line": 25,
          "column": 5
        }
      },
      "7": {
        "start": {
          "line": 23,
          "column": 8
        },
        "end": {
          "line": 23,
          "column": 21
        }
      },
      "8": {
        "start": {
          "line": 27,
          "column": 4
        },
        "end": {
          "line": 37,
          "column": 10
        }
      },
      "9": {
        "start": {
          "line": 28,
          "column": 28
        },
        "end": {
          "line": 32,
          "column": 10
        }
      },
      "10": {
        "start": {
          "line": 31,
          "column": 12
        },
        "end": {
          "line": 31,
          "column": 32
        }
      },
      "11": {
        "start": {
          "line": 34,
          "column": 8
        },
        "end": {
          "line": 36,
          "column": 10
        }
      },
      "12": {
        "start": {
          "line": 35,
          "column": 12
        },
        "end": {
          "line": 35,
          "column": 26
        }
      },
      "13": {
        "start": {
          "line": 39,
          "column": 4
        },
        "end": {
          "line": 43,
          "column": 5
        }
      },
      "14": {
        "start": {
          "line": 46,
          "column": 23
        },
        "end": {
          "line": 48,
          "column": 1
        }
      },
      "15": {
        "start": {
          "line": 47,
          "column": 4
        },
        "end": {
          "line": 47,
          "column": 34
        }
      }
    },
    "fnMap": {
      "0": {
        "name": "(anonymous_0)",
        "decl": {
          "start": {
            "line": 8,
            "column": 35
          },
          "end": {
            "line": 8,
            "column": 36
          }
        },
        "loc": {
          "start": {
            "line": 8,
            "column": 51
          },
          "end": {
            "line": 44,
            "column": 1
          }
        },
        "line": 8
      },
      "1": {
        "name": "(anonymous_1)",
        "decl": {
          "start": {
            "line": 11,
            "column": 25
          },
          "end": {
            "line": 11,
            "column": 26
          }
        },
        "loc": {
          "start": {
            "line": 11,
            "column": 30
          },
          "end": {
            "line": 18,
            "column": 5
          }
        },
        "line": 11
      },
      "2": {
        "name": "(anonymous_2)",
        "decl": {
          "start": {
            "line": 22,
            "column": 19
          },
          "end": {
            "line": 22,
            "column": 20
          }
        },
        "loc": {
          "start": {
            "line": 22,
            "column": 25
          },
          "end": {
            "line": 25,
            "column": 5
          }
        },
        "line": 22
      },
      "3": {
        "name": "(anonymous_3)",
        "decl": {
          "start": {
            "line": 27,
            "column": 14
          },
          "end": {
            "line": 27,
            "column": 15
          }
        },
        "loc": {
          "start": {
            "line": 27,
            "column": 18
          },
          "end": {
            "line": 37,
            "column": 5
          }
        },
        "line": 27
      },
      "4": {
        "name": "(anonymous_4)",
        "decl": {
          "start": {
            "line": 28,
            "column": 53
          },
          "end": {
            "line": 28,
            "column": 54
          }
        },
        "loc": {
          "start": {
            "line": 28,
            "column": 69
          },
          "end": {
            "line": 32,
            "column": 9
          }
        },
        "line": 28
      },
      "5": {
        "name": "(anonymous_5)",
        "decl": {
          "start": {
            "line": 34,
            "column": 15
          },
          "end": {
            "line": 34,
            "column": 16
          }
        },
        "loc": {
          "start": {
            "line": 34,
            "column": 21
          },
          "end": {
            "line": 36,
            "column": 9
          }
        },
        "line": 34
      },
      "6": {
        "name": "(anonymous_6)",
        "decl": {
          "start": {
            "line": 46,
            "column": 23
          },
          "end": {
            "line": 46,
            "column": 24
          }
        },
        "loc": {
          "start": {
            "line": 46,
            "column": 29
          },
          "end": {
            "line": 48,
            "column": 1
          }
        },
        "line": 46
      }
    },
    "branchMap": {},
    "s": {
      "0": 27,
      "1": 27,
      "2": 53,
      "3": 53,
      "4": 0,
      "5": 0,
      "6": 53,
      "7": 1,
      "8": 53,
      "9": 26,
      "10": 26,
      "11": 26,
      "12": 0,
      "13": 53,
      "14": 27,
      "15": 110
    },
    "f": {
      "0": 53,
      "1": 0,
      "2": 1,
      "3": 26,
      "4": 26,
      "5": 0,
      "6": 110
    },
    "b": {},
    "_coverageSchema": "1a1c01bbd47fc00a2c39e90264f33305004495a9",
    "hash": "f2e4172c1e4e28b0c640af113cd95dbbed936157"
  },
  "/Users/andrew/Vanderbilt/Semester-6/cs4278/jam-session-website/frontend/src/pages/Login.js": {
    "path": "/Users/andrew/Vanderbilt/Semester-6/cs4278/jam-session-website/frontend/src/pages/Login.js",
    "statementMap": {
      "0": {
        "start": {
          "line": 13,
          "column": 14
        },
        "end": {
          "line": 22,
          "column": 2
        }
      },
      "1": {
        "start": {
          "line": 24,
          "column": 14
        },
        "end": {
          "line": 123,
          "column": 1
        }
      },
      "2": {
        "start": {
          "line": 29,
          "column": 21
        },
        "end": {
          "line": 29,
          "column": 34
        }
      },
      "3": {
        "start": {
          "line": 32,
          "column": 33
        },
        "end": {
          "line": 32,
          "column": 43
        }
      },
      "4": {
        "start": {
          "line": 35,
          "column": 31
        },
        "end": {
          "line": 43,
          "column": 5
        }
      },
      "5": {
        "start": {
          "line": 38,
          "column": 8
        },
        "end": {
          "line": 42,
          "column": 9
        }
      },
      "6": {
        "start": {
          "line": 39,
          "column": 12
        },
        "end": {
          "line": 39,
          "column": 33
        }
      },
      "7": {
        "start": {
          "line": 46,
          "column": 4
        },
        "end": {
          "line": 52,
          "column": 14
        }
      },
      "8": {
        "start": {
          "line": 47,
          "column": 8
        },
        "end": {
          "line": 49,
          "column": 9
        }
      },
      "9": {
        "start": {
          "line": 48,
          "column": 12
        },
        "end": {
          "line": 48,
          "column": 45
        }
      },
      "10": {
        "start": {
          "line": 64,
          "column": 30
        },
        "end": {
          "line": 64,
          "column": 42
        }
      },
      "11": {
        "start": {
          "line": 65,
          "column": 36
        },
        "end": {
          "line": 65,
          "column": 48
        }
      },
      "12": {
        "start": {
          "line": 67,
          "column": 4
        },
        "end": {
          "line": 122,
          "column": 6
        }
      },
      "13": {
        "start": {
          "line": 84,
          "column": 35
        },
        "end": {
          "line": 84,
          "column": 60
        }
      },
      "14": {
        "start": {
          "line": 93,
          "column": 35
        },
        "end": {
          "line": 93,
          "column": 63
        }
      },
      "15": {
        "start": {
          "line": 102,
          "column": 32
        },
        "end": {
          "line": 110,
          "column": 35
        }
      },
      "16": {
        "start": {
          "line": 105,
          "column": 40
        },
        "end": {
          "line": 105,
          "column": 85
        }
      }
    },
    "fnMap": {
      "0": {
        "name": "(anonymous_0)",
        "decl": {
          "start": {
            "line": 24,
            "column": 14
          },
          "end": {
            "line": 24,
            "column": 15
          }
        },
        "loc": {
          "start": {
            "line": 24,
            "column": 20
          },
          "end": {
            "line": 123,
            "column": 1
          }
        },
        "line": 24
      },
      "1": {
        "name": "(anonymous_1)",
        "decl": {
          "start": {
            "line": 35,
            "column": 31
          },
          "end": {
            "line": 35,
            "column": 32
          }
        },
        "loc": {
          "start": {
            "line": 35,
            "column": 42
          },
          "end": {
            "line": 43,
            "column": 5
          }
        },
        "line": 35
      },
      "2": {
        "name": "(anonymous_2)",
        "decl": {
          "start": {
            "line": 46,
            "column": 14
          },
          "end": {
            "line": 46,
            "column": 15
          }
        },
        "loc": {
          "start": {
            "line": 46,
            "column": 20
          },
          "end": {
            "line": 52,
            "column": 5
          }
        },
        "line": 46
      },
      "3": {
        "name": "(anonymous_3)",
        "decl": {
          "start": {
            "line": 83,
            "column": 41
          },
          "end": {
            "line": 83,
            "column": 42
          }
        },
        "loc": {
          "start": {
            "line": 83,
            "column": 48
          },
          "end": {
            "line": 85,
            "column": 32
          }
        },
        "line": 83
      },
      "4": {
        "name": "(anonymous_4)",
        "decl": {
          "start": {
            "line": 92,
            "column": 41
          },
          "end": {
            "line": 92,
            "column": 42
          }
        },
        "loc": {
          "start": {
            "line": 92,
            "column": 48
          },
          "end": {
            "line": 94,
            "column": 32
          }
        },
        "line": 92
      },
      "5": {
        "name": "(anonymous_5)",
        "decl": {
          "start": {
            "line": 101,
            "column": 37
          },
          "end": {
            "line": 101,
            "column": 38
          }
        },
        "loc": {
          "start": {
            "line": 101,
            "column": 43
          },
          "end": {
            "line": 111,
            "column": 25
          }
        },
        "line": 101
      },
      "6": {
        "name": "(anonymous_6)",
        "decl": {
          "start": {
            "line": 103,
            "column": 42
          },
          "end": {
            "line": 103,
            "column": 43
          }
        },
        "loc": {
          "start": {
            "line": 103,
            "column": 62
          },
          "end": {
            "line": 106,
            "column": 37
          }
        },
        "line": 103
      },
      "7": {
        "name": "(anonymous_7)",
        "decl": {
          "start": {
            "line": 106,
            "column": 45
          },
          "end": {
            "line": 106,
            "column": 46
          }
        },
        "loc": {
          "start": {
            "line": 106,
            "column": 56
          },
          "end": {
            "line": 110,
            "column": 33
          }
        },
        "line": 106
      }
    },
    "branchMap": {
      "0": {
        "loc": {
          "start": {
            "line": 47,
            "column": 8
          },
          "end": {
            "line": 49,
            "column": 9
          }
        },
        "type": "if",
        "locations": [
          {
            "start": {
              "line": 47,
              "column": 8
            },
            "end": {
              "line": 49,
              "column": 9
            }
          },
          {
            "start": {
              "line": 47,
              "column": 8
            },
            "end": {
              "line": 49,
              "column": 9
            }
          }
        ],
        "line": 47
      },
      "1": {
        "loc": {
          "start": {
            "line": 47,
            "column": 12
          },
          "end": {
            "line": 47,
            "column": 38
          }
        },
        "type": "binary-expr",
        "locations": [
          {
            "start": {
              "line": 47,
              "column": 12
            },
            "end": {
              "line": 47,
              "column": 16
            }
          },
          {
            "start": {
              "line": 47,
              "column": 20
            },
            "end": {
              "line": 47,
              "column": 38
            }
          }
        ],
        "line": 47
      }
    },
    "s": {
      "0": 27,
      "1": 27,
      "2": 4,
      "3": 4,
      "4": 4,
      "5": 0,
      "6": 0,
      "7": 4,
      "8": 4,
      "9": 0,
      "10": 4,
      "11": 4,
      "12": 4,
      "13": 0,
      "14": 0,
      "15": 1,
      "16": 0
    },
    "f": {
      "0": 4,
      "1": 0,
      "2": 4,
      "3": 0,
      "4": 0,
      "5": 1,
      "6": 0,
      "7": 0
    },
    "b": {
      "0": [
        0,
        4
      ],
      "1": [
        4,
        2
      ]
    },
    "_coverageSchema": "1a1c01bbd47fc00a2c39e90264f33305004495a9",
    "hash": "531ac4683cc9027b7a05e335caa966c2be94e92b"
  },
  "/Users/andrew/Vanderbilt/Semester-6/cs4278/jam-session-website/frontend/src/pages/Register.js": {
    "path": "/Users/andrew/Vanderbilt/Semester-6/cs4278/jam-session-website/frontend/src/pages/Register.js",
    "statementMap": {
      "0": {
        "start": {
          "line": 21,
          "column": 14
        },
        "end": {
          "line": 30,
          "column": 2
        }
      },
      "1": {
        "start": {
          "line": 32,
          "column": 20
        },
        "end": {
          "line": 32,
          "column": 22
        }
      },
      "2": {
        "start": {
          "line": 33,
          "column": 25
        },
        "end": {
          "line": 33,
          "column": 26
        }
      },
      "3": {
        "start": {
          "line": 34,
          "column": 18
        },
        "end": {
          "line": 41,
          "column": 1
        }
      },
      "4": {
        "start": {
          "line": 43,
          "column": 24
        },
        "end": {
          "line": 52,
          "column": 1
        }
      },
      "5": {
        "start": {
          "line": 54,
          "column": 19
        },
        "end": {
          "line": 62,
          "column": 1
        }
      },
      "6": {
        "start": {
          "line": 68,
          "column": 21
        },
        "end": {
          "line": 68,
          "column": 34
        }
      },
      "7": {
        "start": {
          "line": 73,
          "column": 33
        },
        "end": {
          "line": 73,
          "column": 43
        }
      },
      "8": {
        "start": {
          "line": 76,
          "column": 31
        },
        "end": {
          "line": 84,
          "column": 5
        }
      },
      "9": {
        "start": {
          "line": 79,
          "column": 8
        },
        "end": {
          "line": 83,
          "column": 9
        }
      },
      "10": {
        "start": {
          "line": 80,
          "column": 12
        },
        "end": {
          "line": 80,
          "column": 33
        }
      },
      "11": {
        "start": {
          "line": 82,
          "column": 12
        },
        "end": {
          "line": 82,
          "column": 30
        }
      },
      "12": {
        "start": {
          "line": 89,
          "column": 4
        },
        "end": {
          "line": 95,
          "column": 14
        }
      },
      "13": {
        "start": {
          "line": 90,
          "column": 8
        },
        "end": {
          "line": 92,
          "column": 9
        }
      },
      "14": {
        "start": {
          "line": 91,
          "column": 12
        },
        "end": {
          "line": 91,
          "column": 45
        }
      },
      "15": {
        "start": {
          "line": 97,
          "column": 30
        },
        "end": {
          "line": 97,
          "column": 42
        }
      },
      "16": {
        "start": {
          "line": 98,
          "column": 36
        },
        "end": {
          "line": 98,
          "column": 48
        }
      },
      "17": {
        "start": {
          "line": 99,
          "column": 38
        },
        "end": {
          "line": 99,
          "column": 50
        }
      },
      "18": {
        "start": {
          "line": 100,
          "column": 36
        },
        "end": {
          "line": 100,
          "column": 48
        }
      },
      "19": {
        "start": {
          "line": 101,
          "column": 36
        },
        "end": {
          "line": 101,
          "column": 48
        }
      },
      "20": {
        "start": {
          "line": 102,
          "column": 42
        },
        "end": {
          "line": 102,
          "column": 54
        }
      },
      "21": {
        "start": {
          "line": 103,
          "column": 32
        },
        "end": {
          "line": 103,
          "column": 44
        }
      },
      "22": {
        "start": {
          "line": 104,
          "column": 30
        },
        "end": {
          "line": 104,
          "column": 42
        }
      },
      "23": {
        "start": {
          "line": 107,
          "column": 30
        },
        "end": {
          "line": 115,
          "column": 5
        }
      },
      "24": {
        "start": {
          "line": 110,
          "column": 12
        },
        "end": {
          "line": 110,
          "column": 17
        }
      },
      "25": {
        "start": {
          "line": 111,
          "column": 8
        },
        "end": {
          "line": 114,
          "column": 10
        }
      },
      "26": {
        "start": {
          "line": 117,
          "column": 25
        },
        "end": {
          "line": 125,
          "column": 5
        }
      },
      "27": {
        "start": {
          "line": 120,
          "column": 12
        },
        "end": {
          "line": 120,
          "column": 17
        }
      },
      "28": {
        "start": {
          "line": 121,
          "column": 8
        },
        "end": {
          "line": 124,
          "column": 10
        }
      },
      "29": {
        "start": {
          "line": 127,
          "column": 27
        },
        "end": {
          "line": 196,
          "column": 5
        }
      },
      "30": {
        "start": {
          "line": 128,
          "column": 21
        },
        "end": {
          "line": 128,
          "column": 30
        }
      },
      "31": {
        "start": {
          "line": 129,
          "column": 18
        },
        "end": {
          "line": 129,
          "column": 22
        }
      },
      "32": {
        "start": {
          "line": 132,
          "column": 8
        },
        "end": {
          "line": 136,
          "column": 9
        }
      },
      "33": {
        "start": {
          "line": 134,
          "column": 12
        },
        "end": {
          "line": 134,
          "column": 58
        }
      },
      "34": {
        "start": {
          "line": 135,
          "column": 12
        },
        "end": {
          "line": 135,
          "column": 18
        }
      },
      "35": {
        "start": {
          "line": 139,
          "column": 25
        },
        "end": {
          "line": 147,
          "column": 14
        }
      },
      "36": {
        "start": {
          "line": 150,
          "column": 8
        },
        "end": {
          "line": 153,
          "column": 9
        }
      },
      "37": {
        "start": {
          "line": 151,
          "column": 12
        },
        "end": {
          "line": 151,
          "column": 46
        }
      },
      "38": {
        "start": {
          "line": 152,
          "column": 12
        },
        "end": {
          "line": 152,
          "column": 18
        }
      },
      "39": {
        "start": {
          "line": 156,
          "column": 8
        },
        "end": {
          "line": 195,
          "column": 15
        }
      },
      "40": {
        "start": {
          "line": 160,
          "column": 16
        },
        "end": {
          "line": 160,
          "column": 46
        }
      },
      "41": {
        "start": {
          "line": 161,
          "column": 16
        },
        "end": {
          "line": 179,
          "column": 19
        }
      },
      "42": {
        "start": {
          "line": 176,
          "column": 20
        },
        "end": {
          "line": 176,
          "column": 35
        }
      },
      "43": {
        "start": {
          "line": 177,
          "column": 20
        },
        "end": {
          "line": 177,
          "column": 40
        }
      },
      "44": {
        "start": {
          "line": 178,
          "column": 20
        },
        "end": {
          "line": 178,
          "column": 26
        }
      },
      "45": {
        "start": {
          "line": 181,
          "column": 16
        },
        "end": {
          "line": 181,
          "column": 44
        }
      },
      "46": {
        "start": {
          "line": 183,
          "column": 37
        },
        "end": {
          "line": 183,
          "column": 50
        }
      },
      "47": {
        "start": {
          "line": 186,
          "column": 16
        },
        "end": {
          "line": 190,
          "column": 17
        }
      },
      "48": {
        "start": {
          "line": 188,
          "column": 20
        },
        "end": {
          "line": 188,
          "column": 45
        }
      },
      "49": {
        "start": {
          "line": 189,
          "column": 20
        },
        "end": {
          "line": 189,
          "column": 26
        }
      },
      "50": {
        "start": {
          "line": 193,
          "column": 16
        },
        "end": {
          "line": 193,
          "column": 38
        }
      },
      "51": {
        "start": {
          "line": 194,
          "column": 16
        },
        "end": {
          "line": 194,
          "column": 36
        }
      },
      "52": {
        "start": {
          "line": 198,
          "column": 4
        },
        "end": {
          "line": 310,
          "column": 6
        }
      },
      "53": {
        "start": {
          "line": 214,
          "column": 53
        },
        "end": {
          "line": 214,
          "column": 81
        }
      },
      "54": {
        "start": {
          "line": 221,
          "column": 53
        },
        "end": {
          "line": 221,
          "column": 84
        }
      },
      "55": {
        "start": {
          "line": 227,
          "column": 53
        },
        "end": {
          "line": 227,
          "column": 85
        }
      },
      "56": {
        "start": {
          "line": 233,
          "column": 53
        },
        "end": {
          "line": 233,
          "column": 84
        }
      },
      "57": {
        "start": {
          "line": 239,
          "column": 53
        },
        "end": {
          "line": 239,
          "column": 84
        }
      },
      "58": {
        "start": {
          "line": 250,
          "column": 55
        },
        "end": {
          "line": 250,
          "column": 74
        }
      },
      "59": {
        "start": {
          "line": 254,
          "column": 32
        },
        "end": {
          "line": 257,
          "column": 43
        }
      },
      "60": {
        "start": {
          "line": 270,
          "column": 55
        },
        "end": {
          "line": 270,
          "column": 74
        }
      },
      "61": {
        "start": {
          "line": 274,
          "column": 32
        },
        "end": {
          "line": 277,
          "column": 43
        }
      }
    },
    "fnMap": {
      "0": {
        "name": "Register",
        "decl": {
          "start": {
            "line": 66,
            "column": 9
          },
          "end": {
            "line": 66,
            "column": 17
          }
        },
        "loc": {
          "start": {
            "line": 66,
            "column": 19
          },
          "end": {
            "line": 311,
            "column": 1
          }
        },
        "line": 66
      },
      "1": {
        "name": "(anonymous_1)",
        "decl": {
          "start": {
            "line": 76,
            "column": 31
          },
          "end": {
            "line": 76,
            "column": 32
          }
        },
        "loc": {
          "start": {
            "line": 76,
            "column": 42
          },
          "end": {
            "line": 84,
            "column": 5
          }
        },
        "line": 76
      },
      "2": {
        "name": "(anonymous_2)",
        "decl": {
          "start": {
            "line": 89,
            "column": 14
          },
          "end": {
            "line": 89,
            "column": 15
          }
        },
        "loc": {
          "start": {
            "line": 89,
            "column": 20
          },
          "end": {
            "line": 95,
            "column": 5
          }
        },
        "line": 89
      },
      "3": {
        "name": "(anonymous_3)",
        "decl": {
          "start": {
            "line": 107,
            "column": 30
          },
          "end": {
            "line": 107,
            "column": 31
          }
        },
        "loc": {
          "start": {
            "line": 107,
            "column": 41
          },
          "end": {
            "line": 115,
            "column": 5
          }
        },
        "line": 107
      },
      "4": {
        "name": "(anonymous_4)",
        "decl": {
          "start": {
            "line": 117,
            "column": 25
          },
          "end": {
            "line": 117,
            "column": 26
          }
        },
        "loc": {
          "start": {
            "line": 117,
            "column": 36
          },
          "end": {
            "line": 125,
            "column": 5
          }
        },
        "line": 117
      },
      "5": {
        "name": "(anonymous_5)",
        "decl": {
          "start": {
            "line": 127,
            "column": 27
          },
          "end": {
            "line": 127,
            "column": 28
          }
        },
        "loc": {
          "start": {
            "line": 127,
            "column": 39
          },
          "end": {
            "line": 196,
            "column": 5
          }
        },
        "line": 127
      },
      "6": {
        "name": "(anonymous_6)",
        "decl": {
          "start": {
            "line": 157,
            "column": 18
          },
          "end": {
            "line": 157,
            "column": 19
          }
        },
        "loc": {
          "start": {
            "line": 157,
            "column": 44
          },
          "end": {
            "line": 182,
            "column": 13
          }
        },
        "line": 157
      },
      "7": {
        "name": "(anonymous_7)",
        "decl": {
          "start": {
            "line": 175,
            "column": 25
          },
          "end": {
            "line": 175,
            "column": 26
          }
        },
        "loc": {
          "start": {
            "line": 175,
            "column": 36
          },
          "end": {
            "line": 179,
            "column": 17
          }
        },
        "line": 175
      },
      "8": {
        "name": "(anonymous_8)",
        "decl": {
          "start": {
            "line": 182,
            "column": 21
          },
          "end": {
            "line": 182,
            "column": 22
          }
        },
        "loc": {
          "start": {
            "line": 182,
            "column": 32
          },
          "end": {
            "line": 195,
            "column": 13
          }
        },
        "line": 182
      },
      "9": {
        "name": "(anonymous_9)",
        "decl": {
          "start": {
            "line": 214,
            "column": 41
          },
          "end": {
            "line": 214,
            "column": 42
          }
        },
        "loc": {
          "start": {
            "line": 214,
            "column": 52
          },
          "end": {
            "line": 214,
            "column": 82
          }
        },
        "line": 214
      },
      "10": {
        "name": "(anonymous_10)",
        "decl": {
          "start": {
            "line": 221,
            "column": 41
          },
          "end": {
            "line": 221,
            "column": 42
          }
        },
        "loc": {
          "start": {
            "line": 221,
            "column": 52
          },
          "end": {
            "line": 221,
            "column": 85
          }
        },
        "line": 221
      },
      "11": {
        "name": "(anonymous_11)",
        "decl": {
          "start": {
            "line": 227,
            "column": 41
          },
          "end": {
            "line": 227,
            "column": 42
          }
        },
        "loc": {
          "start": {
            "line": 227,
            "column": 52
          },
          "end": {
            "line": 227,
            "column": 86
          }
        },
        "line": 227
      },
      "12": {
        "name": "(anonymous_12)",
        "decl": {
          "start": {
            "line": 233,
            "column": 41
          },
          "end": {
            "line": 233,
            "column": 42
          }
        },
        "loc": {
          "start": {
            "line": 233,
            "column": 52
          },
          "end": {
            "line": 233,
            "column": 85
          }
        },
        "line": 233
      },
      "13": {
        "name": "(anonymous_13)",
        "decl": {
          "start": {
            "line": 239,
            "column": 41
          },
          "end": {
            "line": 239,
            "column": 42
          }
        },
        "loc": {
          "start": {
            "line": 239,
            "column": 52
          },
          "end": {
            "line": 239,
            "column": 85
          }
        },
        "line": 239
      },
      "14": {
        "name": "(anonymous_14)",
        "decl": {
          "start": {
            "line": 250,
            "column": 41
          },
          "end": {
            "line": 250,
            "column": 42
          }
        },
        "loc": {
          "start": {
            "line": 250,
            "column": 55
          },
          "end": {
            "line": 250,
            "column": 74
          }
        },
        "line": 250
      },
      "15": {
        "name": "(anonymous_15)",
        "decl": {
          "start": {
            "line": 253,
            "column": 49
          },
          "end": {
            "line": 253,
            "column": 50
          }
        },
        "loc": {
          "start": {
            "line": 254,
            "column": 32
          },
          "end": {
            "line": 257,
            "column": 43
          }
        },
        "line": 254
      },
      "16": {
        "name": "(anonymous_16)",
        "decl": {
          "start": {
            "line": 270,
            "column": 41
          },
          "end": {
            "line": 270,
            "column": 42
          }
        },
        "loc": {
          "start": {
            "line": 270,
            "column": 55
          },
          "end": {
            "line": 270,
            "column": 74
          }
        },
        "line": 270
      },
      "17": {
        "name": "(anonymous_17)",
        "decl": {
          "start": {
            "line": 273,
            "column": 44
          },
          "end": {
            "line": 273,
            "column": 45
          }
        },
        "loc": {
          "start": {
            "line": 274,
            "column": 32
          },
          "end": {
            "line": 277,
            "column": 43
          }
        },
        "line": 274
      }
    },
    "branchMap": {
      "0": {
        "loc": {
          "start": {
            "line": 90,
            "column": 8
          },
          "end": {
            "line": 92,
            "column": 9
          }
        },
        "type": "if",
        "locations": [
          {
            "start": {
              "line": 90,
              "column": 8
            },
            "end": {
              "line": 92,
              "column": 9
            }
          },
          {
            "start": {
              "line": 90,
              "column": 8
            },
            "end": {
              "line": 92,
              "column": 9
            }
          }
        ],
        "line": 90
      },
      "1": {
        "loc": {
          "start": {
            "line": 90,
            "column": 12
          },
          "end": {
            "line": 90,
            "column": 38
          }
        },
        "type": "binary-expr",
        "locations": [
          {
            "start": {
              "line": 90,
              "column": 12
            },
            "end": {
              "line": 90,
              "column": 16
            }
          },
          {
            "start": {
              "line": 90,
              "column": 20
            },
            "end": {
              "line": 90,
              "column": 38
            }
          }
        ],
        "line": 90
      },
      "2": {
        "loc": {
          "start": {
            "line": 113,
            "column": 12
          },
          "end": {
            "line": 113,
            "column": 64
          }
        },
        "type": "cond-expr",
        "locations": [
          {
            "start": {
              "line": 113,
              "column": 40
            },
            "end": {
              "line": 113,
              "column": 56
            }
          },
          {
            "start": {
              "line": 113,
              "column": 59
            },
            "end": {
              "line": 113,
              "column": 64
            }
          }
        ],
        "line": 113
      },
      "3": {
        "loc": {
          "start": {
            "line": 123,
            "column": 12
          },
          "end": {
            "line": 123,
            "column": 64
          }
        },
        "type": "cond-expr",
        "locations": [
          {
            "start": {
              "line": 123,
              "column": 40
            },
            "end": {
              "line": 123,
              "column": 56
            }
          },
          {
            "start": {
              "line": 123,
              "column": 59
            },
            "end": {
              "line": 123,
              "column": 64
            }
          }
        ],
        "line": 123
      },
      "4": {
        "loc": {
          "start": {
            "line": 132,
            "column": 8
          },
          "end": {
            "line": 136,
            "column": 9
          }
        },
        "type": "if",
        "locations": [
          {
            "start": {
              "line": 132,
              "column": 8
            },
            "end": {
              "line": 136,
              "column": 9
            }
          },
          {
            "start": {
              "line": 132,
              "column": 8
            },
            "end": {
              "line": 136,
              "column": 9
            }
          }
        ],
        "line": 132
      },
      "5": {
        "loc": {
          "start": {
            "line": 132,
            "column": 12
          },
          "end": {
            "line": 132,
            "column": 96
          }
        },
        "type": "binary-expr",
        "locations": [
          {
            "start": {
              "line": 132,
              "column": 12
            },
            "end": {
              "line": 132,
              "column": 23
            }
          },
          {
            "start": {
              "line": 132,
              "column": 27
            },
            "end": {
              "line": 132,
              "column": 41
            }
          },
          {
            "start": {
              "line": 132,
              "column": 45
            },
            "end": {
              "line": 132,
              "column": 60
            }
          },
          {
            "start": {
              "line": 132,
              "column": 64
            },
            "end": {
              "line": 132,
              "column": 78
            }
          },
          {
            "start": {
              "line": 132,
              "column": 82
            },
            "end": {
              "line": 132,
              "column": 96
            }
          }
        ],
        "line": 132
      },
      "6": {
        "loc": {
          "start": {
            "line": 150,
            "column": 8
          },
          "end": {
            "line": 153,
            "column": 9
          }
        },
        "type": "if",
        "locations": [
          {
            "start": {
              "line": 150,
              "column": 8
            },
            "end": {
              "line": 153,
              "column": 9
            }
          },
          {
            "start": {
              "line": 150,
              "column": 8
            },
            "end": {
              "line": 153,
              "column": 9
            }
          }
        ],
        "line": 150
      },
      "7": {
        "loc": {
          "start": {
            "line": 186,
            "column": 16
          },
          "end": {
            "line": 190,
            "column": 17
          }
        },
        "type": "if",
        "locations": [
          {
            "start": {
              "line": 186,
              "column": 16
            },
            "end": {
              "line": 190,
              "column": 17
            }
          },
          {
            "start": {
              "line": 186,
              "column": 16
            },
            "end": {
              "line": 190,
              "column": 17
            }
          }
        ],
        "line": 186
      },
      "8": {
        "loc": {
          "start": {
            "line": 289,
            "column": 17
          },
          "end": {
            "line": 297,
            "column": 30
          }
        },
        "type": "binary-expr",
        "locations": [
          {
            "start": {
              "line": 289,
              "column": 17
            },
            "end": {
              "line": 289,
              "column": 22
            }
          },
          {
            "start": {
              "line": 290,
              "column": 24
            },
            "end": {
              "line": 297,
              "column": 30
            }
          }
        ],
        "line": 289
      }
    },
    "s": {
      "0": 27,
      "1": 27,
      "2": 27,
      "3": 27,
      "4": 27,
      "5": 27,
      "6": 26,
      "7": 26,
      "8": 26,
      "9": 0,
      "10": 0,
      "11": 0,
      "12": 26,
      "13": 26,
      "14": 0,
      "15": 26,
      "16": 26,
      "17": 26,
      "18": 26,
      "19": 26,
      "20": 26,
      "21": 26,
      "22": 26,
      "23": 26,
      "24": 0,
      "25": 0,
      "26": 26,
      "27": 0,
      "28": 0,
      "29": 26,
      "30": 0,
      "31": 0,
      "32": 0,
      "33": 0,
      "34": 0,
      "35": 0,
      "36": 0,
      "37": 0,
      "38": 0,
      "39": 0,
      "40": 0,
      "41": 0,
      "42": 0,
      "43": 0,
      "44": 0,
      "45": 0,
      "46": 0,
      "47": 0,
      "48": 0,
      "49": 0,
      "50": 0,
      "51": 0,
      "52": 26,
      "53": 0,
      "54": 0,
      "55": 0,
      "56": 0,
      "57": 0,
      "58": 0,
      "59": 208,
      "60": 0,
      "61": 182
    },
    "f": {
      "0": 26,
      "1": 0,
      "2": 26,
      "3": 0,
      "4": 0,
      "5": 0,
      "6": 0,
      "7": 0,
      "8": 0,
      "9": 0,
      "10": 0,
      "11": 0,
      "12": 0,
      "13": 0,
      "14": 0,
      "15": 208,
      "16": 0,
      "17": 182
    },
    "b": {
      "0": [
        0,
        26
      ],
      "1": [
        26,
        13
      ],
      "2": [
        0,
        0
      ],
      "3": [
        0,
        0
      ],
      "4": [
        0,
        0
      ],
      "5": [
        0,
        0,
        0,
        0,
        0
      ],
      "6": [
        0,
        0
      ],
      "7": [
        0,
        0
      ],
      "8": [
        26,
        0
      ]
    },
    "_coverageSchema": "1a1c01bbd47fc00a2c39e90264f33305004495a9",
    "hash": "54e760ee9d0a2e05ea00d99b7568c696690529ea"
  },
  "/Users/andrew/Vanderbilt/Semester-6/cs4278/jam-session-website/frontend/src/components/ConfirmationDialog.js": {
    "path": "/Users/andrew/Vanderbilt/Semester-6/cs4278/jam-session-website/frontend/src/components/ConfirmationDialog.js",
    "statementMap": {
      "0": {
        "start": {
          "line": 14,
          "column": 24
        },
        "end": {
          "line": 23,
          "column": 1
        }
      },
      "1": {
        "start": {
          "line": 25,
          "column": 19
        },
        "end": {
          "line": 33,
          "column": 1
        }
      },
      "2": {
        "start": {
          "line": 36,
          "column": 56
        },
        "end": {
          "line": 36,
          "column": 61
        }
      },
      "3": {
        "start": {
          "line": 37,
          "column": 36
        },
        "end": {
          "line": 37,
          "column": 60
        }
      },
      "4": {
        "start": {
          "line": 38,
          "column": 26
        },
        "end": {
          "line": 38,
          "column": 44
        }
      },
      "5": {
        "start": {
          "line": 41,
          "column": 4
        },
        "end": {
          "line": 45,
          "column": 5
        }
      },
      "6": {
        "start": {
          "line": 42,
          "column": 8
        },
        "end": {
          "line": 42,
          "column": 32
        }
      },
      "7": {
        "start": {
          "line": 44,
          "column": 8
        },
        "end": {
          "line": 44,
          "column": 27
        }
      },
      "8": {
        "start": {
          "line": 47,
          "column": 4
        },
        "end": {
          "line": 49,
          "column": 15
        }
      },
      "9": {
        "start": {
          "line": 48,
          "column": 8
        },
        "end": {
          "line": 48,
          "column": 30
        }
      },
      "10": {
        "start": {
          "line": 51,
          "column": 27
        },
        "end": {
          "line": 55,
          "column": 5
        }
      },
      "11": {
        "start": {
          "line": 52,
          "column": 8
        },
        "end": {
          "line": 54,
          "column": 9
        }
      },
      "12": {
        "start": {
          "line": 53,
          "column": 12
        },
        "end": {
          "line": 53,
          "column": 42
        }
      },
      "13": {
        "start": {
          "line": 57,
          "column": 25
        },
        "end": {
          "line": 59,
          "column": 5
        }
      },
      "14": {
        "start": {
          "line": 58,
          "column": 8
        },
        "end": {
          "line": 58,
          "column": 18
        }
      },
      "15": {
        "start": {
          "line": 61,
          "column": 21
        },
        "end": {
          "line": 63,
          "column": 5
        }
      },
      "16": {
        "start": {
          "line": 62,
          "column": 8
        },
        "end": {
          "line": 62,
          "column": 26
        }
      },
      "17": {
        "start": {
          "line": 65,
          "column": 25
        },
        "end": {
          "line": 71,
          "column": 5
        }
      },
      "18": {
        "start": {
          "line": 66,
          "column": 8
        },
        "end": {
          "line": 70,
          "column": 9
        }
      },
      "19": {
        "start": {
          "line": 67,
          "column": 12
        },
        "end": {
          "line": 67,
          "column": 62
        }
      },
      "20": {
        "start": {
          "line": 67,
          "column": 47
        },
        "end": {
          "line": 67,
          "column": 59
        }
      },
      "21": {
        "start": {
          "line": 69,
          "column": 12
        },
        "end": {
          "line": 69,
          "column": 45
        }
      },
      "22": {
        "start": {
          "line": 73,
          "column": 4
        },
        "end": {
          "line": 101,
          "column": 6
        }
      },
      "23": {
        "start": {
          "line": 84,
          "column": 20
        },
        "end": {
          "line": 87,
          "column": 31
        }
      },
      "24": {
        "start": {
          "line": 84,
          "column": 81
        },
        "end": {
          "line": 84,
          "column": 99
        }
      },
      "25": {
        "start": {
          "line": 105,
          "column": 28
        },
        "end": {
          "line": 105,
          "column": 49
        }
      },
      "26": {
        "start": {
          "line": 107,
          "column": 32
        },
        "end": {
          "line": 109,
          "column": 5
        }
      },
      "27": {
        "start": {
          "line": 108,
          "column": 8
        },
        "end": {
          "line": 108,
          "column": 22
        }
      },
      "28": {
        "start": {
          "line": 111,
          "column": 24
        },
        "end": {
          "line": 118,
          "column": 5
        }
      },
      "29": {
        "start": {
          "line": 112,
          "column": 8
        },
        "end": {
          "line": 112,
          "column": 23
        }
      },
      "30": {
        "start": {
          "line": 114,
          "column": 8
        },
        "end": {
          "line": 117,
          "column": 9
        }
      },
      "31": {
        "start": {
          "line": 115,
          "column": 12
        },
        "end": {
          "line": 115,
          "column": 29
        }
      },
      "32": {
        "start": {
          "line": 116,
          "column": 12
        },
        "end": {
          "line": 116,
          "column": 37
        }
      },
      "33": {
        "start": {
          "line": 116,
          "column": 30
        },
        "end": {
          "line": 116,
          "column": 35
        }
      },
      "34": {
        "start": {
          "line": 120,
          "column": 4
        },
        "end": {
          "line": 136,
          "column": 6
        }
      }
    },
    "fnMap": {
      "0": {
        "name": "ConfirmationDialogRaw",
        "decl": {
          "start": {
            "line": 35,
            "column": 9
          },
          "end": {
            "line": 35,
            "column": 30
          }
        },
        "loc": {
          "start": {
            "line": 35,
            "column": 38
          },
          "end": {
            "line": 102,
            "column": 1
          }
        },
        "line": 35
      },
      "1": {
        "name": "(anonymous_1)",
        "decl": {
          "start": {
            "line": 47,
            "column": 20
          },
          "end": {
            "line": 47,
            "column": 21
          }
        },
        "loc": {
          "start": {
            "line": 47,
            "column": 26
          },
          "end": {
            "line": 49,
            "column": 5
          }
        },
        "line": 47
      },
      "2": {
        "name": "(anonymous_2)",
        "decl": {
          "start": {
            "line": 51,
            "column": 27
          },
          "end": {
            "line": 51,
            "column": 28
          }
        },
        "loc": {
          "start": {
            "line": 51,
            "column": 33
          },
          "end": {
            "line": 55,
            "column": 5
          }
        },
        "line": 51
      },
      "3": {
        "name": "(anonymous_3)",
        "decl": {
          "start": {
            "line": 57,
            "column": 25
          },
          "end": {
            "line": 57,
            "column": 26
          }
        },
        "loc": {
          "start": {
            "line": 57,
            "column": 31
          },
          "end": {
            "line": 59,
            "column": 5
          }
        },
        "line": 57
      },
      "4": {
        "name": "(anonymous_4)",
        "decl": {
          "start": {
            "line": 61,
            "column": 21
          },
          "end": {
            "line": 61,
            "column": 22
          }
        },
        "loc": {
          "start": {
            "line": 61,
            "column": 27
          },
          "end": {
            "line": 63,
            "column": 5
          }
        },
        "line": 61
      },
      "5": {
        "name": "(anonymous_5)",
        "decl": {
          "start": {
            "line": 65,
            "column": 25
          },
          "end": {
            "line": 65,
            "column": 26
          }
        },
        "loc": {
          "start": {
            "line": 65,
            "column": 35
          },
          "end": {
            "line": 71,
            "column": 5
          }
        },
        "line": 65
      },
      "6": {
        "name": "(anonymous_6)",
        "decl": {
          "start": {
            "line": 67,
            "column": 40
          },
          "end": {
            "line": 67,
            "column": 41
          }
        },
        "loc": {
          "start": {
            "line": 67,
            "column": 47
          },
          "end": {
            "line": 67,
            "column": 59
          }
        },
        "line": 67
      },
      "7": {
        "name": "(anonymous_7)",
        "decl": {
          "start": {
            "line": 83,
            "column": 27
          },
          "end": {
            "line": 83,
            "column": 28
          }
        },
        "loc": {
          "start": {
            "line": 84,
            "column": 20
          },
          "end": {
            "line": 87,
            "column": 31
          }
        },
        "line": 84
      },
      "8": {
        "name": "(anonymous_8)",
        "decl": {
          "start": {
            "line": 84,
            "column": 73
          },
          "end": {
            "line": 84,
            "column": 74
          }
        },
        "loc": {
          "start": {
            "line": 84,
            "column": 79
          },
          "end": {
            "line": 84,
            "column": 101
          }
        },
        "line": 84
      },
      "9": {
        "name": "ConfirmationDialog",
        "decl": {
          "start": {
            "line": 104,
            "column": 24
          },
          "end": {
            "line": 104,
            "column": 42
          }
        },
        "loc": {
          "start": {
            "line": 104,
            "column": 78
          },
          "end": {
            "line": 137,
            "column": 1
          }
        },
        "line": 104
      },
      "10": {
        "name": "(anonymous_10)",
        "decl": {
          "start": {
            "line": 107,
            "column": 32
          },
          "end": {
            "line": 107,
            "column": 33
          }
        },
        "loc": {
          "start": {
            "line": 107,
            "column": 38
          },
          "end": {
            "line": 109,
            "column": 5
          }
        },
        "line": 107
      },
      "11": {
        "name": "(anonymous_11)",
        "decl": {
          "start": {
            "line": 111,
            "column": 24
          },
          "end": {
            "line": 111,
            "column": 25
          }
        },
        "loc": {
          "start": {
            "line": 111,
            "column": 38
          },
          "end": {
            "line": 118,
            "column": 5
          }
        },
        "line": 111
      },
      "12": {
        "name": "(anonymous_12)",
        "decl": {
          "start": {
            "line": 116,
            "column": 20
          },
          "end": {
            "line": 116,
            "column": 21
          }
        },
        "loc": {
          "start": {
            "line": 116,
            "column": 30
          },
          "end": {
            "line": 116,
            "column": 35
          }
        },
        "line": 116
      }
    },
    "branchMap": {
      "0": {
        "loc": {
          "start": {
            "line": 41,
            "column": 4
          },
          "end": {
            "line": 45,
            "column": 5
          }
        },
        "type": "if",
        "locations": [
          {
            "start": {
              "line": 41,
              "column": 4
            },
            "end": {
              "line": 45,
              "column": 5
            }
          },
          {
            "start": {
              "line": 41,
              "column": 4
            },
            "end": {
              "line": 45,
              "column": 5
            }
          }
        ],
        "line": 41
      },
      "1": {
        "loc": {
          "start": {
            "line": 52,
            "column": 8
          },
          "end": {
            "line": 54,
            "column": 9
          }
        },
        "type": "if",
        "locations": [
          {
            "start": {
              "line": 52,
              "column": 8
            },
            "end": {
              "line": 54,
              "column": 9
            }
          },
          {
            "start": {
              "line": 52,
              "column": 8
            },
            "end": {
              "line": 54,
              "column": 9
            }
          }
        ],
        "line": 52
      },
      "2": {
        "loc": {
          "start": {
            "line": 66,
            "column": 8
          },
          "end": {
            "line": 70,
            "column": 9
          }
        },
        "type": "if",
        "locations": [
          {
            "start": {
              "line": 66,
              "column": 8
            },
            "end": {
              "line": 70,
              "column": 9
            }
          },
          {
            "start": {
              "line": 66,
              "column": 8
            },
            "end": {
              "line": 70,
              "column": 9
            }
          }
        ],
        "line": 66
      },
      "3": {
        "loc": {
          "start": {
            "line": 81,
            "column": 33
          },
          "end": {
            "line": 81,
            "column": 81
          }
        },
        "type": "cond-expr",
        "locations": [
          {
            "start": {
              "line": 81,
              "column": 57
            },
            "end": {
              "line": 81,
              "column": 70
            }
          },
          {
            "start": {
              "line": 81,
              "column": 73
            },
            "end": {
              "line": 81,
              "column": 81
            }
          }
        ],
        "line": 81
      },
      "4": {
        "loc": {
          "start": {
            "line": 85,
            "column": 43
          },
          "end": {
            "line": 85,
            "column": 89
          }
        },
        "type": "cond-expr",
        "locations": [
          {
            "start": {
              "line": 85,
              "column": 54
            },
            "end": {
              "line": 85,
              "column": 81
            }
          },
          {
            "start": {
              "line": 85,
              "column": 84
            },
            "end": {
              "line": 85,
              "column": 89
            }
          }
        ],
        "line": 85
      },
      "5": {
        "loc": {
          "start": {
            "line": 114,
            "column": 8
          },
          "end": {
            "line": 117,
            "column": 9
          }
        },
        "type": "if",
        "locations": [
          {
            "start": {
              "line": 114,
              "column": 8
            },
            "end": {
              "line": 117,
              "column": 9
            }
          },
          {
            "start": {
              "line": 114,
              "column": 8
            },
            "end": {
              "line": 117,
              "column": 9
            }
          }
        ],
        "line": 114
      }
    },
    "s": {
      "0": 27,
      "1": 27,
      "2": 0,
      "3": 0,
      "4": 0,
      "5": 0,
      "6": 0,
      "7": 0,
      "8": 0,
      "9": 0,
      "10": 0,
      "11": 0,
      "12": 0,
      "13": 0,
      "14": 0,
      "15": 0,
      "16": 0,
      "17": 0,
      "18": 0,
      "19": 0,
      "20": 0,
      "21": 0,
      "22": 0,
      "23": 0,
      "24": 0,
      "25": 0,
      "26": 0,
      "27": 0,
      "28": 0,
      "29": 0,
      "30": 0,
      "31": 0,
      "32": 0,
      "33": 0,
      "34": 0
    },
    "f": {
      "0": 0,
      "1": 0,
      "2": 0,
      "3": 0,
      "4": 0,
      "5": 0,
      "6": 0,
      "7": 0,
      "8": 0,
      "9": 0,
      "10": 0,
      "11": 0,
      "12": 0
    },
    "b": {
      "0": [
        0,
        0
      ],
      "1": [
        0,
        0
      ],
      "2": [
        0,
        0
      ],
      "3": [
        0,
        0
      ],
      "4": [
        0,
        0
      ],
      "5": [
        0,
        0
      ]
    },
    "_coverageSchema": "1a1c01bbd47fc00a2c39e90264f33305004495a9",
    "hash": "4a2d5099a98f067963c43e435e620aa9c998a77b"
  },
  "/Users/andrew/Vanderbilt/Semester-6/cs4278/jam-session-website/frontend/src/pages/Profile.js": {
    "path": "/Users/andrew/Vanderbilt/Semester-6/cs4278/jam-session-website/frontend/src/pages/Profile.js",
    "statementMap": {
      "0": {
        "start": {
          "line": 29,
          "column": 14
        },
        "end": {
          "line": 38,
          "column": 2
        }
      },
      "1": {
        "start": {
          "line": 40,
          "column": 16
        },
        "end": {
          "line": 512,
          "column": 1
        }
      },
      "2": {
        "start": {
          "line": 41,
          "column": 35
        },
        "end": {
          "line": 41,
          "column": 53
        }
      },
      "3": {
        "start": {
          "line": 42,
          "column": 38
        },
        "end": {
          "line": 42,
          "column": 85
        }
      },
      "4": {
        "start": {
          "line": 43,
          "column": 36
        },
        "end": {
          "line": 43,
          "column": 48
        }
      },
      "5": {
        "start": {
          "line": 44,
          "column": 34
        },
        "end": {
          "line": 44,
          "column": 49
        }
      },
      "6": {
        "start": {
          "line": 45,
          "column": 50
        },
        "end": {
          "line": 45,
          "column": 62
        }
      },
      "7": {
        "start": {
          "line": 46,
          "column": 54
        },
        "end": {
          "line": 46,
          "column": 66
        }
      },
      "8": {
        "start": {
          "line": 47,
          "column": 52
        },
        "end": {
          "line": 47,
          "column": 64
        }
      },
      "9": {
        "start": {
          "line": 48,
          "column": 42
        },
        "end": {
          "line": 48,
          "column": 54
        }
      },
      "10": {
        "start": {
          "line": 49,
          "column": 60
        },
        "end": {
          "line": 49,
          "column": 72
        }
      },
      "11": {
        "start": {
          "line": 51,
          "column": 62
        },
        "end": {
          "line": 51,
          "column": 74
        }
      },
      "12": {
        "start": {
          "line": 52,
          "column": 58
        },
        "end": {
          "line": 52,
          "column": 70
        }
      },
      "13": {
        "start": {
          "line": 53,
          "column": 66
        },
        "end": {
          "line": 53,
          "column": 81
        }
      },
      "14": {
        "start": {
          "line": 55,
          "column": 21
        },
        "end": {
          "line": 55,
          "column": 34
        }
      },
      "15": {
        "start": {
          "line": 56,
          "column": 20
        },
        "end": {
          "line": 56,
          "column": 32
        }
      },
      "16": {
        "start": {
          "line": 61,
          "column": 23
        },
        "end": {
          "line": 61,
          "column": 60
        }
      },
      "17": {
        "start": {
          "line": 63,
          "column": 8
        },
        "end": {
          "line": 66,
          "column": 9
        }
      },
      "18": {
        "start": {
          "line": 64,
          "column": 12
        },
        "end": {
          "line": 64,
          "column": 92
        }
      },
      "19": {
        "start": {
          "line": 65,
          "column": 12
        },
        "end": {
          "line": 65,
          "column": 19
        }
      },
      "20": {
        "start": {
          "line": 67,
          "column": 19
        },
        "end": {
          "line": 67,
          "column": 40
        }
      },
      "21": {
        "start": {
          "line": 70,
          "column": 24
        },
        "end": {
          "line": 70,
          "column": 77
        }
      },
      "22": {
        "start": {
          "line": 71,
          "column": 25
        },
        "end": {
          "line": 71,
          "column": 54
        }
      },
      "23": {
        "start": {
          "line": 72,
          "column": 8
        },
        "end": {
          "line": 72,
          "column": 41
        }
      },
      "24": {
        "start": {
          "line": 74,
          "column": 8
        },
        "end": {
          "line": 74,
          "column": 26
        }
      },
      "25": {
        "start": {
          "line": 77,
          "column": 24
        },
        "end": {
          "line": 77,
          "column": 36
        }
      },
      "26": {
        "start": {
          "line": 78,
          "column": 21
        },
        "end": {
          "line": 78,
          "column": 47
        }
      },
      "27": {
        "start": {
          "line": 79,
          "column": 20
        },
        "end": {
          "line": 79,
          "column": 22
        }
      },
      "28": {
        "start": {
          "line": 81,
          "column": 8
        },
        "end": {
          "line": 97,
          "column": 9
        }
      },
      "29": {
        "start": {
          "line": 81,
          "column": 21
        },
        "end": {
          "line": 81,
          "column": 22
        }
      },
      "30": {
        "start": {
          "line": 83,
          "column": 12
        },
        "end": {
          "line": 85,
          "column": 13
        }
      },
      "31": {
        "start": {
          "line": 84,
          "column": 16
        },
        "end": {
          "line": 84,
          "column": 24
        }
      },
      "32": {
        "start": {
          "line": 87,
          "column": 29
        },
        "end": {
          "line": 87,
          "column": 74
        }
      },
      "33": {
        "start": {
          "line": 89,
          "column": 12
        },
        "end": {
          "line": 96,
          "column": 13
        }
      },
      "34": {
        "start": {
          "line": 90,
          "column": 16
        },
        "end": {
          "line": 90,
          "column": 89
        }
      },
      "35": {
        "start": {
          "line": 91,
          "column": 16
        },
        "end": {
          "line": 91,
          "column": 22
        }
      },
      "36": {
        "start": {
          "line": 93,
          "column": 31
        },
        "end": {
          "line": 93,
          "column": 52
        }
      },
      "37": {
        "start": {
          "line": 94,
          "column": 29
        },
        "end": {
          "line": 94,
          "column": 40
        }
      },
      "38": {
        "start": {
          "line": 95,
          "column": 16
        },
        "end": {
          "line": 95,
          "column": 43
        }
      },
      "39": {
        "start": {
          "line": 99,
          "column": 8
        },
        "end": {
          "line": 99,
          "column": 29
        }
      },
      "40": {
        "start": {
          "line": 102,
          "column": 19
        },
        "end": {
          "line": 102,
          "column": 21
        }
      },
      "41": {
        "start": {
          "line": 103,
          "column": 8
        },
        "end": {
          "line": 113,
          "column": 9
        }
      },
      "42": {
        "start": {
          "line": 103,
          "column": 21
        },
        "end": {
          "line": 103,
          "column": 22
        }
      },
      "43": {
        "start": {
          "line": 105,
          "column": 28
        },
        "end": {
          "line": 105,
          "column": 79
        }
      },
      "44": {
        "start": {
          "line": 107,
          "column": 12
        },
        "end": {
          "line": 112,
          "column": 13
        }
      },
      "45": {
        "start": {
          "line": 108,
          "column": 33
        },
        "end": {
          "line": 108,
          "column": 62
        }
      },
      "46": {
        "start": {
          "line": 109,
          "column": 16
        },
        "end": {
          "line": 109,
          "column": 35
        }
      },
      "47": {
        "start": {
          "line": 111,
          "column": 16
        },
        "end": {
          "line": 111,
          "column": 31
        }
      },
      "48": {
        "start": {
          "line": 115,
          "column": 8
        },
        "end": {
          "line": 115,
          "column": 37
        }
      },
      "49": {
        "start": {
          "line": 119,
          "column": 24
        },
        "end": {
          "line": 119,
          "column": 26
        }
      },
      "50": {
        "start": {
          "line": 122,
          "column": 8
        },
        "end": {
          "line": 139,
          "column": 9
        }
      },
      "51": {
        "start": {
          "line": 123,
          "column": 29
        },
        "end": {
          "line": 123,
          "column": 51
        }
      },
      "52": {
        "start": {
          "line": 124,
          "column": 31
        },
        "end": {
          "line": 124,
          "column": 52
        }
      },
      "53": {
        "start": {
          "line": 126,
          "column": 12
        },
        "end": {
          "line": 138,
          "column": 13
        }
      },
      "54": {
        "start": {
          "line": 126,
          "column": 25
        },
        "end": {
          "line": 126,
          "column": 26
        }
      },
      "55": {
        "start": {
          "line": 127,
          "column": 32
        },
        "end": {
          "line": 127,
          "column": 45
        }
      },
      "56": {
        "start": {
          "line": 128,
          "column": 31
        },
        "end": {
          "line": 128,
          "column": 72
        }
      },
      "57": {
        "start": {
          "line": 129,
          "column": 16
        },
        "end": {
          "line": 129,
          "column": 45
        }
      },
      "58": {
        "start": {
          "line": 131,
          "column": 16
        },
        "end": {
          "line": 137,
          "column": 17
        }
      },
      "59": {
        "start": {
          "line": 132,
          "column": 20
        },
        "end": {
          "line": 132,
          "column": 74
        }
      },
      "60": {
        "start": {
          "line": 133,
          "column": 20
        },
        "end": {
          "line": 133,
          "column": 27
        }
      },
      "61": {
        "start": {
          "line": 135,
          "column": 33
        },
        "end": {
          "line": 135,
          "column": 43
        }
      },
      "62": {
        "start": {
          "line": 136,
          "column": 20
        },
        "end": {
          "line": 136,
          "column": 53
        }
      },
      "63": {
        "start": {
          "line": 141,
          "column": 8
        },
        "end": {
          "line": 141,
          "column": 43
        }
      },
      "64": {
        "start": {
          "line": 142,
          "column": 8
        },
        "end": {
          "line": 142,
          "column": 23
        }
      },
      "65": {
        "start": {
          "line": 147,
          "column": 8
        },
        "end": {
          "line": 165,
          "column": 9
        }
      },
      "66": {
        "start": {
          "line": 148,
          "column": 29
        },
        "end": {
          "line": 148,
          "column": 49
        }
      },
      "67": {
        "start": {
          "line": 149,
          "column": 31
        },
        "end": {
          "line": 149,
          "column": 52
        }
      },
      "68": {
        "start": {
          "line": 151,
          "column": 12
        },
        "end": {
          "line": 164,
          "column": 13
        }
      },
      "69": {
        "start": {
          "line": 151,
          "column": 25
        },
        "end": {
          "line": 151,
          "column": 26
        }
      },
      "70": {
        "start": {
          "line": 152,
          "column": 32
        },
        "end": {
          "line": 152,
          "column": 45
        }
      },
      "71": {
        "start": {
          "line": 153,
          "column": 31
        },
        "end": {
          "line": 153,
          "column": 72
        }
      },
      "72": {
        "start": {
          "line": 154,
          "column": 16
        },
        "end": {
          "line": 154,
          "column": 45
        }
      },
      "73": {
        "start": {
          "line": 156,
          "column": 16
        },
        "end": {
          "line": 163,
          "column": 17
        }
      },
      "74": {
        "start": {
          "line": 157,
          "column": 20
        },
        "end": {
          "line": 157,
          "column": 74
        }
      },
      "75": {
        "start": {
          "line": 158,
          "column": 20
        },
        "end": {
          "line": 158,
          "column": 27
        }
      },
      "76": {
        "start": {
          "line": 160,
          "column": 33
        },
        "end": {
          "line": 160,
          "column": 43
        }
      },
      "77": {
        "start": {
          "line": 162,
          "column": 20
        },
        "end": {
          "line": 162,
          "column": 53
        }
      },
      "78": {
        "start": {
          "line": 167,
          "column": 8
        },
        "end": {
          "line": 167,
          "column": 41
        }
      },
      "79": {
        "start": {
          "line": 171,
          "column": 4
        },
        "end": {
          "line": 173,
          "column": 28
        }
      },
      "80": {
        "start": {
          "line": 172,
          "column": 8
        },
        "end": {
          "line": 172,
          "column": 24
        }
      },
      "81": {
        "start": {
          "line": 176,
          "column": 32
        },
        "end": {
          "line": 199,
          "column": 5
        }
      },
      "82": {
        "start": {
          "line": 178,
          "column": 25
        },
        "end": {
          "line": 187,
          "column": 10
        }
      },
      "83": {
        "start": {
          "line": 190,
          "column": 21
        },
        "end": {
          "line": 190,
          "column": 42
        }
      },
      "84": {
        "start": {
          "line": 193,
          "column": 8
        },
        "end": {
          "line": 198,
          "column": 9
        }
      },
      "85": {
        "start": {
          "line": 194,
          "column": 12
        },
        "end": {
          "line": 194,
          "column": 38
        }
      },
      "86": {
        "start": {
          "line": 196,
          "column": 12
        },
        "end": {
          "line": 196,
          "column": 36
        }
      },
      "87": {
        "start": {
          "line": 197,
          "column": 12
        },
        "end": {
          "line": 197,
          "column": 67
        }
      },
      "88": {
        "start": {
          "line": 202,
          "column": 30
        },
        "end": {
          "line": 217,
          "column": 5
        }
      },
      "89": {
        "start": {
          "line": 203,
          "column": 25
        },
        "end": {
          "line": 212,
          "column": 10
        }
      },
      "90": {
        "start": {
          "line": 214,
          "column": 8
        },
        "end": {
          "line": 216,
          "column": 9
        }
      },
      "91": {
        "start": {
          "line": 215,
          "column": 12
        },
        "end": {
          "line": 215,
          "column": 90
        }
      },
      "92": {
        "start": {
          "line": 220,
          "column": 25
        },
        "end": {
          "line": 235,
          "column": 5
        }
      },
      "93": {
        "start": {
          "line": 221,
          "column": 25
        },
        "end": {
          "line": 230,
          "column": 10
        }
      },
      "94": {
        "start": {
          "line": 232,
          "column": 8
        },
        "end": {
          "line": 234,
          "column": 9
        }
      },
      "95": {
        "start": {
          "line": 233,
          "column": 12
        },
        "end": {
          "line": 233,
          "column": 85
        }
      },
      "96": {
        "start": {
          "line": 241,
          "column": 24
        },
        "end": {
          "line": 241,
          "column": 77
        }
      },
      "97": {
        "start": {
          "line": 244,
          "column": 8
        },
        "end": {
          "line": 244,
          "column": 40
        }
      },
      "98": {
        "start": {
          "line": 245,
          "column": 8
        },
        "end": {
          "line": 245,
          "column": 40
        }
      },
      "99": {
        "start": {
          "line": 246,
          "column": 8
        },
        "end": {
          "line": 246,
          "column": 41
        }
      },
      "100": {
        "start": {
          "line": 249,
          "column": 25
        },
        "end": {
          "line": 249,
          "column": 54
        }
      },
      "101": {
        "start": {
          "line": 250,
          "column": 8
        },
        "end": {
          "line": 250,
          "column": 49
        }
      },
      "102": {
        "start": {
          "line": 253,
          "column": 8
        },
        "end": {
          "line": 253,
          "column": 44
        }
      },
      "103": {
        "start": {
          "line": 257,
          "column": 25
        },
        "end": {
          "line": 277,
          "column": 5
        }
      },
      "104": {
        "start": {
          "line": 258,
          "column": 8
        },
        "end": {
          "line": 276,
          "column": 10
        }
      },
      "105": {
        "start": {
          "line": 261,
          "column": 20
        },
        "end": {
          "line": 273,
          "column": 21
        }
      },
      "106": {
        "start": {
          "line": 280,
          "column": 24
        },
        "end": {
          "line": 315,
          "column": 5
        }
      },
      "107": {
        "start": {
          "line": 281,
          "column": 18
        },
        "end": {
          "line": 281,
          "column": 20
        }
      },
      "108": {
        "start": {
          "line": 282,
          "column": 20
        },
        "end": {
          "line": 282,
          "column": 21
        }
      },
      "109": {
        "start": {
          "line": 284,
          "column": 8
        },
        "end": {
          "line": 312,
[...]
            "line": 257,
            "column": 35
          }
        },
        "loc": {
          "start": {
            "line": 257,
            "column": 54
          },
          "end": {
            "line": 285,
            "column": 21
          }
        },
        "line": 257
      }
    },
    "branchMap": {
      "0": {
        "loc": {
          "start": {
            "line": 70,
            "column": 33
          },
          "end": {
            "line": 70,
            "column": 72
          }
        },
        "type": "cond-expr",
        "locations": [
          {
            "start": {
              "line": 70,
              "column": 54
            },
            "end": {
              "line": 70,
              "column": 64
            }
          },
          {
            "start": {
              "line": 70,
              "column": 67
            },
            "end": {
              "line": 70,
              "column": 72
            }
          }
        ],
        "line": 70
      },
      "1": {
        "loc": {
          "start": {
            "line": 71,
            "column": 34
          },
          "end": {
            "line": 71,
            "column": 75
          }
        },
        "type": "cond-expr",
        "locations": [
          {
            "start": {
              "line": 71,
              "column": 56
            },
            "end": {
              "line": 71,
              "column": 67
            }
          },
          {
            "start": {
              "line": 71,
              "column": 70
            },
            "end": {
              "line": 71,
              "column": 75
            }
          }
        ],
        "line": 71
      },
      "2": {
        "loc": {
          "start": {
            "line": 72,
            "column": 31
          },
          "end": {
            "line": 72,
            "column": 66
          }
        },
        "type": "cond-expr",
        "locations": [
          {
            "start": {
              "line": 72,
              "column": 50
            },
            "end": {
              "line": 72,
              "column": 58
            }
          },
          {
            "start": {
              "line": 72,
              "column": 61
            },
            "end": {
              "line": 72,
              "column": 66
            }
          }
        ],
        "line": 72
      },
      "3": {
        "loc": {
          "start": {
            "line": 78,
            "column": 12
          },
          "end": {
            "line": 87,
            "column": 13
          }
        },
        "type": "if",
        "locations": [
          {
            "start": {
              "line": 78,
              "column": 12
            },
            "end": {
              "line": 87,
              "column": 13
            }
          },
          {
            "start": {
              "line": 78,
              "column": 12
            },
            "end": {
              "line": 87,
              "column": 13
            }
          }
        ],
        "line": 78
      },
      "4": {
        "loc": {
          "start": {
            "line": 100,
            "column": 12
          },
          "end": {
            "line": 100,
            "column": 64
          }
        },
        "type": "cond-expr",
        "locations": [
          {
            "start": {
              "line": 100,
              "column": 40
            },
            "end": {
              "line": 100,
              "column": 56
            }
          },
          {
            "start": {
              "line": 100,
              "column": 59
            },
            "end": {
              "line": 100,
              "column": 64
            }
          }
        ],
        "line": 100
      },
      "5": {
        "loc": {
          "start": {
            "line": 167,
            "column": 33
          },
          "end": {
            "line": 168,
            "column": 112
          }
        },
        "type": "binary-expr",
        "locations": [
          {
            "start": {
              "line": 167,
              "column": 33
            },
            "end": {
              "line": 167,
              "column": 51
            }
          },
          {
            "start": {
              "line": 167,
              "column": 55
            },
            "end": {
              "line": 168,
              "column": 112
            }
          }
        ],
        "line": 167
      },
      "6": {
        "loc": {
          "start": {
            "line": 168,
            "column": 60
          },
          "end": {
            "line": 168,
            "column": 98
          }
        },
        "type": "cond-expr",
        "locations": [
          {
            "start": {
              "line": 168,
              "column": 80
            },
            "end": {
              "line": 168,
              "column": 85
            }
          },
          {
            "start": {
              "line": 168,
              "column": 88
            },
            "end": {
              "line": 168,
              "column": 98
            }
          }
        ],
        "line": 168
      },
      "7": {
        "loc": {
          "start": {
            "line": 172,
            "column": 29
          },
          "end": {
            "line": 183,
            "column": 34
          }
        },
        "type": "binary-expr",
        "locations": [
          {
            "start": {
              "line": 172,
              "column": 29
            },
            "end": {
              "line": 172,
              "column": 47
            }
          },
          {
            "start": {
              "line": 172,
              "column": 51
            },
            "end": {
              "line": 183,
              "column": 34
            }
          }
        ],
        "line": 172
      },
      "8": {
        "loc": {
          "start": {
            "line": 199,
            "column": 29
          },
          "end": {
            "line": 222,
            "column": 38
          }
        },
        "type": "binary-expr",
        "locations": [
          {
            "start": {
              "line": 199,
              "column": 29
            },
            "end": {
              "line": 199,
              "column": 48
            }
          },
          {
            "start": {
              "line": 200,
              "column": 32
            },
            "end": {
              "line": 222,
              "column": 38
            }
          }
        ],
        "line": 199
      },
      "9": {
        "loc": {
          "start": {
            "line": 255,
            "column": 21
          },
          "end": {
            "line": 255,
            "column": 63
          }
        },
        "type": "binary-expr",
        "locations": [
          {
            "start": {
              "line": 255,
              "column": 21
            },
            "end": {
              "line": 255,
              "column": 42
            }
          },
          {
            "start": {
              "line": 255,
              "column": 46
            },
            "end": {
              "line": 255,
              "column": 63
            }
          }
        ],
        "line": 255
      },
      "10": {
        "loc": {
          "start": {
            "line": 256,
            "column": 21
          },
          "end": {
            "line": 256,
            "column": 66
          }
        },
        "type": "binary-expr",
        "locations": [
          {
            "start": {
              "line": 256,
              "column": 21
            },
            "end": {
              "line": 256,
              "column": 42
            }
          },
          {
            "start": {
              "line": 256,
              "column": 46
            },
            "end": {
              "line": 256,
              "column": 66
            }
          }
        ],
        "line": 256
      }
    },
    "s": {
      "0": 27,
      "1": 27,
      "2": 0,
      "3": 0,
      "4": 0,
      "5": 0,
      "6": 0,
      "7": 0,
      "8": 0,
      "9": 0,
      "10": 0,
      "11": 0,
      "12": 0,
      "13": 0,
      "14": 0,
      "15": 0,
      "16": 0,
      "17": 0,
      "18": 0,
      "19": 0,
      "20": 0,
      "21": 0,
      "22": 0,
      "23": 0,
      "24": 0,
      "25": 0,
      "26": 0,
      "27": 0,
      "28": 0,
      "29": 0,
      "30": 0,
      "31": 0,
      "32": 0
    },
    "f": {
      "0": 0,
      "1": 0,
      "2": 0,
      "3": 0,
      "4": 0,
      "5": 0,
      "6": 0,
      "7": 0,
      "8": 0,
      "9": 0,
      "10": 0,
      "11": 0
    },
    "b": {
      "0": [
        0,
        0
      ],
      "1": [
        0,
        0
      ],
      "2": [
        0,
        0
      ],
      "3": [
        0,
        0
      ],
      "4": [
        0,
        0
      ],
      "5": [
        0,
        0
      ],
      "6": [
        0,
        0
      ],
      "7": [
        0,
        0
      ],
      "8": [
        0,
        0
      ],
      "9": [
        0,
        0
      ],
      "10": [
        0,
        0
      ]
    },
    "_coverageSchema": "1a1c01bbd47fc00a2c39e90264f33305004495a9",
    "hash": "80d052a27d2b5f33ee71139709aed8b5e2db49d4"
  },
  "/Users/andrew/Vanderbilt/Semester-6/cs4278/jam-session-website/frontend/src/pages/ResetPassword.js": {
    "path": "/Users/andrew/Vanderbilt/Semester-6/cs4278/jam-session-website/frontend/src/pages/ResetPassword.js",
    "statementMap": {
      "0": {
        "start": {
          "line": 11,
          "column": 14
        },
        "end": {
          "line": 20,
          "column": 2
        }
      },
      "1": {
        "start": {
          "line": 22,
          "column": 22
        },
        "end": {
          "line": 69,
          "column": 1
        }
      },
      "2": {
        "start": {
          "line": 23,
          "column": 30
        },
        "end": {
          "line": 23,
          "column": 42
        }
      },
      "3": {
        "start": {
          "line": 25,
          "column": 21
        },
        "end": {
          "line": 25,
          "column": 34
        }
      },
      "4": {
        "start": {
          "line": 27,
          "column": 4
        },
        "end": {
          "line": 68,
          "column": 6
        }
      },
      "5": {
        "start": {
          "line": 44,
          "column": 35
        },
        "end": {
          "line": 44,
          "column": 60
        }
      },
      "6": {
        "start": {
          "line": 51,
          "column": 32
        },
        "end": {
          "line": 60,
          "column": 35
        }
      },
      "7": {
        "start": {
          "line": 53,
          "column": 40
        },
        "end": {
          "line": 53,
          "column": 67
        }
      },
      "8": {
        "start": {
          "line": 54,
          "column": 40
        },
        "end": {
          "line": 54,
          "column": 59
        }
      },
      "9": {
        "start": {
          "line": 55,
          "column": 40
        },
        "end": {
          "line": 55,
          "column": 59
        }
      },
      "10": {
        "start": {
          "line": 59,
          "column": 40
        },
        "end": {
          "line": 59,
          "column": 61
        }
      }
    },
    "fnMap": {
      "0": {
        "name": "(anonymous_0)",
        "decl": {
          "start": {
            "line": 22,
            "column": 22
          },
          "end": {
            "line": 22,
            "column": 23
          }
        },
        "loc": {
          "start": {
            "line": 22,
            "column": 28
          },
          "end": {
            "line": 69,
            "column": 1
          }
        },
        "line": 22
      },
      "1": {
        "name": "(anonymous_1)",
        "decl": {
          "start": {
            "line": 43,
            "column": 41
          },
          "end": {
            "line": 43,
            "column": 42
          }
        },
        "loc": {
          "start": {
            "line": 43,
            "column": 48
          },
          "end": {
            "line": 45,
            "column": 32
          }
        },
        "line": 43
      },
      "2": {
        "name": "(anonymous_2)",
        "decl": {
          "start": {
            "line": 50,
            "column": 37
          },
          "end": {
            "line": 50,
            "column": 38
          }
        },
        "loc": {
          "start": {
            "line": 50,
            "column": 43
          },
          "end": {
            "line": 61,
            "column": 29
          }
        },
        "line": 50
      },
      "3": {
        "name": "(anonymous_3)",
        "decl": {
          "start": {
            "line": 52,
            "column": 42
          },
          "end": {
            "line": 52,
            "column": 43
          }
        },
        "loc": {
          "start": {
            "line": 52,
            "column": 48
          },
          "end": {
            "line": 56,
            "column": 37
          }
        },
        "line": 52
      },
      "4": {
        "name": "(anonymous_4)",
        "decl": {
          "start": {
            "line": 56,
            "column": 45
          },
          "end": {
            "line": 56,
            "column": 46
          }
        },
        "loc": {
          "start": {
            "line": 56,
            "column": 56
          },
          "end": {
            "line": 60,
            "column": 33
          }
        },
        "line": 56
      }
    },
    "branchMap": {},
    "s": {
      "0": 27,
      "1": 27,
      "2": 1,
      "3": 1,
      "4": 1,
      "5": 0,
      "6": 0,
      "7": 0,
      "8": 0,
      "9": 0,
      "10": 0
    },
    "f": {
      "0": 1,
      "1": 0,
      "2": 0,
      "3": 0,
      "4": 0
    },
    "b": {},
    "_coverageSchema": "1a1c01bbd47fc00a2c39e90264f33305004495a9",
    "hash": "89d7db619e151a39433a0a87d86c37aa32746451"
  },
  "/Users/andrew/Vanderbilt/Semester-6/cs4278/jam-session-website/frontend/src/components/Protected.js": {
    "path": "/Users/andrew/Vanderbilt/Semester-6/cs4278/jam-session-website/frontend/src/components/Protected.js",
    "statementMap": {
      "0": {
        "start": {
          "line": 6,
          "column": 18
        },
        "end": {
          "line": 18,
          "column": 1
        }
      },
      "1": {
        "start": {
          "line": 9,
          "column": 19
        },
        "end": {
          "line": 9,
          "column": 29
        }
      },
      "2": {
        "start": {
          "line": 12,
          "column": 4
        },
        "end": {
          "line": 14,
          "column": 5
        }
      },
      "3": {
        "start": {
          "line": 13,
          "column": 8
        },
        "end": {
          "line": 13,
          "column": 43
        }
      },
      "4": {
        "start": {
          "line": 17,
          "column": 4
        },
        "end": {
          "line": 17,
          "column": 20
        }
      }
    },
    "fnMap": {
      "0": {
        "name": "(anonymous_0)",
        "decl": {
          "start": {
            "line": 6,
            "column": 18
          },
          "end": {
            "line": 6,
            "column": 19
          }
        },
        "loc": {
          "start": {
            "line": 6,
            "column": 34
          },
          "end": {
            "line": 18,
            "column": 1
          }
        },
        "line": 6
      }
    },
    "branchMap": {
      "0": {
        "loc": {
          "start": {
            "line": 12,
            "column": 4
          },
          "end": {
            "line": 14,
            "column": 5
          }
        },
        "type": "if",
        "locations": [
          {
            "start": {
              "line": 12,
              "column": 4
            },
            "end": {
              "line": 14,
              "column": 5
            }
          },
          {
            "start": {
              "line": 12,
              "column": 4
            },
            "end": {
              "line": 14,
              "column": 5
            }
          }
        ],
        "line": 12
      },
      "1": {
        "loc": {
          "start": {
            "line": 12,
            "column": 8
          },
          "end": {
            "line": 12,
            "column": 34
          }
        },
        "type": "binary-expr",
        "locations": [
          {
            "start": {
              "line": 12,
              "column": 8
            },
            "end": {
              "line": 12,
              "column": 12
            }
          },
          {
            "start": {
              "line": 12,
              "column": 16
            },
            "end": {
              "line": 12,
              "column": 34
            }
          }
        ],
        "line": 12
      }
    },
    "s": {
      "0": 27,
      "1": 12,
      "2": 12,
      "3": 12,
      "4": 0
    },
    "f": {
      "0": 12
    },
    "b": {
      "0": [
        12,
        0
      ],
      "1": [
        12,
        12
      ]
    },
    "_coverageSchema": "1a1c01bbd47fc00a2c39e90264f33305004495a9",
    "hash": "1b7e4bcc42726340e0f01b0ca63673ce3c79aba5"
  },
  "/Users/andrew/Vanderbilt/Semester-6/cs4278/jam-session-website/frontend/src/App.js": {
    "path": "/Users/andrew/Vanderbilt/Semester-6/cs4278/jam-session-website/frontend/src/App.js",
    "statementMap": {
      "0": {
        "start": {
          "line": 22,
          "column": 23
        },
        "end": {
          "line": 30,
          "column": 1
        }
      },
      "1": {
        "start": {
          "line": 33,
          "column": 19
        },
        "end": {
          "line": 33,
          "column": 48
        }
      },
      "2": {
        "start": {
          "line": 34,
          "column": 20
        },
        "end": {
          "line": 34,
          "column": 32
        }
      },
      "3": {
        "start": {
          "line": 37,
          "column": 4
        },
        "end": {
          "line": 85,
          "column": 6
        }
      }
    },
    "fnMap": {
      "0": {
        "name": "App",
        "decl": {
          "start": {
            "line": 36,
            "column": 9
          },
          "end": {
            "line": 36,
            "column": 12
          }
        },
        "loc": {
          "start": {
            "line": 36,
            "column": 15
          },
          "end": {
            "line": 86,
            "column": 1
          }
        },
        "line": 36
      }
    },
    "branchMap": {},
    "s": {
      "0": 27,
      "1": 27,
      "2": 27,
      "3": 27
    },
    "f": {
      "0": 27
    },
    "b": {},
    "_coverageSchema": "1a1c01bbd47fc00a2c39e90264f33305004495a9",
    "hash": "0ffee4ec95da05e67af21070f7928542cb83baea"
  },
  "/Users/andrew/Vanderbilt/Semester-6/cs4278/jam-session-website/frontend/src/index.js": {
    "path": "/Users/andrew/Vanderbilt/Semester-6/cs4278/jam-session-website/frontend/src/index.js",
    "statementMap": {
      "0": {
        "start": {
          "line": 6,
          "column": 13
        },
        "end": {
          "line": 6,
          "column": 65
        }
      },
      "1": {
        "start": {
          "line": 7,
          "column": 0
        },
        "end": {
          "line": 11,
          "column": 1
        }
      }
    },
    "fnMap": {},
    "branchMap": {},
    "s": {
      "0": 27,
      "1": 27
    },
    "f": {},
    "b": {},
    "_coverageSchema": "1a1c01bbd47fc00a2c39e90264f33305004495a9",
    "hash": "56920b7cb22f11bba8f83e7f297a4b46219c21f1"
  }
}